2018-08-09 15:13:10 serial = 27182818284
2018-08-09 15:13:10 email = anon
2018-08-09 15:13:10 RTG version = RTG Tools 3.9 / Core 640a1447d5 (2018-03-22)
2018-08-09 15:13:10 awt.toolkit = sun.awt.X11.XToolkit
2018-08-09 15:13:10 file.encoding = UTF-8
2018-08-09 15:13:10 file.encoding.pkg = sun.io
2018-08-09 15:13:10 file.separator = /
2018-08-09 15:13:10 host.name = bal19
2018-08-09 15:13:10 java.awt.graphicsenv = sun.awt.X11GraphicsEnvironment
2018-08-09 15:13:10 java.awt.printerjob = sun.print.PSPrinterJob
2018-08-09 15:13:10 java.class.path = /nas3/rbluo/rbluo/bin/rtg-tools-3.9/RTG.jar
2018-08-09 15:13:10 java.class.version = 52.0
2018-08-09 15:13:10 java.endorsed.dirs = /nas3/rbluo/rbluo/bin/rtg-tools-3.9/jre/lib/endorsed
2018-08-09 15:13:10 java.ext.dirs = /nas3/rbluo/rbluo/bin/rtg-tools-3.9/jre/lib/ext:/usr/java/packages/lib/ext
2018-08-09 15:13:10 java.home = /nas3/rbluo/rbluo/bin/rtg-tools-3.9/jre
2018-08-09 15:13:10 java.io.tmpdir = /tmp
2018-08-09 15:13:10 java.library.path = /nas3/rbluo/rbluo/bin/rtg-tools-3.9
2018-08-09 15:13:10 java.runtime.name = Java(TM) SE Runtime Environment
2018-08-09 15:13:10 java.runtime.version = 1.8.0_161-b12
2018-08-09 15:13:10 java.specification.name = Java Platform API Specification
2018-08-09 15:13:10 java.specification.vendor = Oracle Corporation
2018-08-09 15:13:10 java.specification.version = 1.8
2018-08-09 15:13:10 java.vendor = Oracle Corporation
2018-08-09 15:13:10 java.vendor.url = http://java.oracle.com/
2018-08-09 15:13:10 java.vendor.url.bug = http://bugreport.sun.com/bugreport/
2018-08-09 15:13:10 java.version = 1.8.0_161
2018-08-09 15:13:10 java.vm.info = mixed mode
2018-08-09 15:13:10 java.vm.name = Java HotSpot(TM) 64-Bit Server VM
2018-08-09 15:13:10 java.vm.specification.name = Java Virtual Machine Specification
2018-08-09 15:13:10 java.vm.specification.vendor = Oracle Corporation
2018-08-09 15:13:10 java.vm.specification.version = 1.8
2018-08-09 15:13:10 java.vm.vendor = Oracle Corporation
2018-08-09 15:13:10 java.vm.version = 25.161-b12
2018-08-09 15:13:10 lang.version = 1.8.0_161
2018-08-09 15:13:10 line.separator = 

2018-08-09 15:13:10 models.dir = /nas3/rbluo/rbluo/bin/rtg-tools-3.9/models
2018-08-09 15:13:10 os.arch = amd64
2018-08-09 15:13:10 os.freememory = 19738660864
2018-08-09 15:13:10 os.name = Linux
2018-08-09 15:13:10 os.totalmemory = 101330350080
2018-08-09 15:13:10 os.version = 4.4.0-62-generic
2018-08-09 15:13:10 path.separator = :
2018-08-09 15:13:10 processor.arch = amd64
2018-08-09 15:13:10 processor.count = 24
2018-08-09 15:13:10 references.dir = /nas3/rbluo/rbluo/bin/rtg-tools-3.9/references
2018-08-09 15:13:10 runtime.freememory = 1462322792
2018-08-09 15:13:10 runtime.maxmemory = 81063837696
2018-08-09 15:13:10 runtime.totalMemory = 1517813760
2018-08-09 15:13:10 sun.arch.data.model = 64
2018-08-09 15:13:10 sun.boot.class.path = /nas3/rbluo/rbluo/bin/rtg-tools-3.9/jre/lib/resources.jar:/nas3/rbluo/rbluo/bin/rtg-tools-3.9/jre/lib/rt.jar:/nas3/rbluo/rbluo/bin/rtg-tools-3.9/jre/lib/sunrsasign.jar:/nas3/rbluo/rbluo/bin/rtg-tools-3.9/jre/lib/jsse.jar:/nas3/rbluo/rbluo/bin/rtg-tools-3.9/jre/lib/jce.jar:/nas3/rbluo/rbluo/bin/rtg-tools-3.9/jre/lib/charsets.jar:/nas3/rbluo/rbluo/bin/rtg-tools-3.9/jre/lib/jfr.jar:/nas3/rbluo/rbluo/bin/rtg-tools-3.9/jre/classes
2018-08-09 15:13:10 sun.boot.library.path = /nas3/rbluo/rbluo/bin/rtg-tools-3.9/jre/lib/amd64
2018-08-09 15:13:10 sun.cpu.endian = little
2018-08-09 15:13:10 sun.cpu.isalist = 
2018-08-09 15:13:10 sun.io.unicode.encoding = UnicodeLittle
2018-08-09 15:13:10 sun.java.command = /nas3/rbluo/rbluo/bin/rtg-tools-3.9/RTG.jar vcfeval -b correct_21.vcf.gz -c correct_bam_21.vcf.gz -t /bal1-1/rbluo/hs37d5/human_g1k_v37_decoy.sdf/ -o summary
2018-08-09 15:13:10 sun.java.launcher = SUN_STANDARD
2018-08-09 15:13:10 sun.jnu.encoding = UTF-8
2018-08-09 15:13:10 sun.management.compiler = HotSpot 64-Bit Tiered Compilers
2018-08-09 15:13:10 sun.os.patch.level = unknown
2018-08-09 15:13:10 talkback = true
2018-08-09 15:13:10 user.country = HK
2018-08-09 15:13:10 user.dir = /home/hywlam/Clairvoyante-pt/evalResults/correct_bam
2018-08-09 15:13:10 user.home = /home/hywlam
2018-08-09 15:13:10 user.language = en
2018-08-09 15:13:10 user.name = hywlam
2018-08-09 15:13:10 user.timezone = Asia/Hong_Kong
2018-08-09 15:13:10 vendor = Oracle Corporation
2018-08-09 15:13:10 gzipfix.enabled = true
2018-08-09 15:13:10 Command line arguments: rtg vcfeval -b correct_21.vcf.gz -c correct_bam_21.vcf.gz -t /bal1-1/rbluo/hs37d5/human_g1k_v37_decoy.sdf/ -o summary
2018-08-09 15:13:10 Run Id: aefc45bf-bfd9-4ba3-a528-c9f3316a8213
2018-08-09 15:13:10 Referenced SDF-ID: 4075036b-b4f5-416b-892e-b293be46c057 Type: DNA Sequences: 86 Max-Length: 249250621 Min-Length: 4262 Arm: UNKNOWN
com.rtg.util.diagnostic.k: There were no sequence names in common between the supplied baseline and called variant sets. Check they use the same reference and are non-empty.
	at com.rtg.vcf.eval.ak.<init>(TabixVcfRecordSet.java:141)
	at com.rtg.vcf.eval.as.a(VcfEvalTask.java:249)
	at com.rtg.vcf.eval.as.a(VcfEvalTask.java:112)
	at com.rtg.vcf.eval.as.b(VcfEvalTask.java:86)
	at aj.a(ParamsTask.java:85)
	at ai.a(ParamsCli.java:98)
	at ac.a(LoggedCli.java:116)
	at P.a(AbstractCli.java:217)
	at com.rtg.b.a(Command.java:85)
	at com.rtg.a.a(AbstractCliEntry.java:99)
	at com.rtg.a.a(AbstractCliEntry.java:56)
	at com.rtg.RtgTools.main(RtgTools.java:41)
2018-08-09 15:13:10 Error: There were no sequence names in common between the supplied baseline and called variant sets. Check they use the same reference and are non-empty.
2018-08-09 15:13:10 Run failed in 0 s.
