Initializing model ...
From /usr/local/lib/python2.7/dist-packages/tensorflow/contrib/learn/python/learn/datasets/base.py:198: retry (from tensorflow.contrib.learn.python.learn.datasets.base) is deprecated and will be removed in a future version.
Instructions for updating:
Use the retry module or similar alternatives.
Loading the training dataset ...
The size of training dataset: 11024009
Start training ...
Learning rate: 1.00e-03
L2 regularization lambda: 1.00e-03
("Let's use", 2L, 'GPUs!')
1 Training loss: 0.9923672128085551 Validation loss:  0.4952942460472594
Epoch time elapsed: 168.18 s
2 Training loss: 0.4305785826406617 Validation loss:  0.3860582872777528
Epoch time elapsed: 156.61 s
3 Training loss: 0.3562764788227876 Validation loss:  0.3261914960804283
Epoch time elapsed: 158.16 s
4 Training loss: 0.3067278488039061 Validation loss:  0.28731914921459595
Epoch time elapsed: 158.17 s
5 Training loss: 0.27210869303086066 Validation loss:  0.2619517142840368
Epoch time elapsed: 158.16 s
6 Training loss: 0.24854643086442615 Validation loss:  0.2388830680615324
Epoch time elapsed: 156.69 s
7 Training loss: 0.23090299751247478 Validation loss:  0.22573285336202045
Epoch time elapsed: 157.47 s
8 Training loss: 0.21834590342192547 Validation loss:  0.21642509520572917
Epoch time elapsed: 157.27 s
9 Training loss: 0.20933804439675616 Validation loss:  0.20836754548013298
Epoch time elapsed: 158.04 s
10 Training loss: 0.2013859082449214 Validation loss:  0.20191465547170453
Epoch time elapsed: 158.20 s
11 Training loss: 0.194764291940505 Validation loss:  0.19655956222017462
Epoch time elapsed: 157.28 s
12 Training loss: 0.18940972940554107 Validation loss:  0.1923198307194194
Epoch time elapsed: 156.80 s
13 Training loss: 0.1847932899447655 Validation loss:  0.18884688642021966
Epoch time elapsed: 158.11 s
14 Training loss: 0.18059383180840227 Validation loss:  0.18447558625310617
Epoch time elapsed: 157.57 s
15 Training loss: 0.17733931865043637 Validation loss:  0.1814644073690619
Epoch time elapsed: 158.07 s
16 Training loss: 0.17411041665165314 Validation loss:  0.18101387326339333
Epoch time elapsed: 157.76 s
17 Training loss: 0.17171547594831182 Validation loss:  0.17703391343376806
Epoch time elapsed: 157.57 s
18 Training loss: 0.1689053960469018 Validation loss:  0.175061741015713
Epoch time elapsed: 158.25 s
19 Training loss: 0.166753955437052 Validation loss:  0.17431359284512796
Epoch time elapsed: 158.01 s
20 Training loss: 0.1647286045515072 Validation loss:  0.1720529330259051
Epoch time elapsed: 157.58 s
21 Training loss: 0.16308792534876906 Validation loss:  0.1715394582762687
Epoch time elapsed: 158.54 s
22 Training loss: 0.16161382180234166 Validation loss:  0.16967068927392298
Epoch time elapsed: 156.88 s
23 Training loss: 0.1599302635175677 Validation loss:  0.1708978940168036
Epoch time elapsed: 158.40 s
24 Training loss: 0.1589838282800711 Validation loss:  0.1691023532449334
Epoch time elapsed: 158.83 s
25 Training loss: 0.15731390204274898 Validation loss:  0.16880717222788338
Epoch time elapsed: 158.53 s
26 Training loss: 0.15672318588807158 Validation loss:  0.16748779853538262
Epoch time elapsed: 159.26 s
27 Training loss: 0.15548976952725463 Validation loss:  0.16711420385223774
Epoch time elapsed: 159.04 s
28 Training loss: 0.15450579908922416 Validation loss:  0.1665044344650211
Epoch time elapsed: 159.00 s
29 Training loss: 0.15355426143833772 Validation loss:  0.1671619590832507
Epoch time elapsed: 158.49 s
30 Training loss: 0.1527711152160501 Validation loss:  0.16580761456686371
Epoch time elapsed: 158.83 s
31 Training loss: 0.151699193776887 Validation loss:  0.16599170435484936
Epoch time elapsed: 159.26 s
32 Training loss: 0.15102745344379834 Validation loss:  0.16578303906823277
Epoch time elapsed: 157.70 s
New learning rate: 1.00e-04
New L2 regularization lambda: 1.00e-04
33 Training loss: 0.1405254489204664 Validation loss:  0.15669997967401159
Epoch time elapsed: 158.84 s
34 Training loss: 0.13789912357023396 Validation loss:  0.1555738780578309
Epoch time elapsed: 157.75 s
35 Training loss: 0.13687841834690978 Validation loss:  0.15532276022546695
Epoch time elapsed: 159.85 s
36 Training loss: 0.1361228460703837 Validation loss:  0.15523870461662292
Epoch time elapsed: 158.93 s
37 Training loss: 0.1355961566017701 Validation loss:  0.1547943035466664
Epoch time elapsed: 160.10 s
38 Training loss: 0.13503590074021157 Validation loss:  0.1546567732812661
Epoch time elapsed: 159.05 s
39 Training loss: 0.13457773001998122 Validation loss:  0.15432547272397923
Epoch time elapsed: 158.82 s
40 Training loss: 0.13403595848950184 Validation loss:  0.15481864443289436
Epoch time elapsed: 158.30 s
41 Training loss: 0.13386715610004085 Validation loss:  0.15479552921107786
Epoch time elapsed: 159.60 s
42 Training loss: 0.13348467548259393 Validation loss:  0.15474012056817077
Epoch time elapsed: 158.00 s
43 Training loss: 0.13318454722890638 Validation loss:  0.15454257201397972
Epoch time elapsed: 158.66 s
44 Training loss: 0.13281326097028104 Validation loss:  0.15455308229769263
Epoch time elapsed: 158.89 s
45 Training loss: 0.13246212565992643 Validation loss:  0.15487748429730686
Epoch time elapsed: 159.06 s
46 Training loss: 0.13217085833612557 Validation loss:  0.15466256247830668
Epoch time elapsed: 159.11 s
47 Training loss: 0.13209926257334464 Validation loss:  0.15459345255009235
Epoch time elapsed: 159.41 s
48 Training loss: 0.1317568777691375 Validation loss:  0.1550468134278829
Epoch time elapsed: 157.82 s
49 Training loss: 0.13161771184403148 Validation loss:  0.15498886783232882
Epoch time elapsed: 159.07 s
50 Training loss: 0.13145889038260844 Validation loss:  0.15439863000849074
Epoch time elapsed: 158.81 s
51 Training loss: 0.13128956222850688 Validation loss:  0.15501938523192105
Epoch time elapsed: 158.70 s
52 Training loss: 0.13099205440704836 Validation loss:  0.1547352664853907
Epoch time elapsed: 158.90 s
53 Training loss: 0.1308892828914426 Validation loss:  0.15486636503265713
Epoch time elapsed: 159.48 s
54 Training loss: 0.13052202852035175 Validation loss:  0.15496699014351487
Epoch time elapsed: 158.60 s
55 Training loss: 0.1304960198972252 Validation loss:  0.15495499632949838
Epoch time elapsed: 159.17 s
56 Training loss: 0.13012285059087936 Validation loss:  0.15483680489360854
Epoch time elapsed: 160.11 s
57 Training loss: 0.13012969734254834 Validation loss:  0.1551309579965511
Epoch time elapsed: 158.69 s
58 Training loss: 0.12987699116962614 Validation loss:  0.15534800367589352
Epoch time elapsed: 159.29 s
59 Training loss: 0.12961168327963604 Validation loss:  0.15514057315950902
Epoch time elapsed: 158.46 s
60 Training loss: 0.12952201513091663 Validation loss:  0.1545828722145933
Epoch time elapsed: 158.33 s
61 Training loss: 0.1295494129646555 Validation loss:  0.15510683837126404
Epoch time elapsed: 160.04 s
62 Training loss: 0.12916171757843303 Validation loss:  0.15570659995727856
Epoch time elapsed: 158.77 s
63 Training loss: 0.1290454504855833 Validation loss:  0.15529838813785113
Epoch time elapsed: 159.61 s
64 Training loss: 0.12884033909738504 Validation loss:  0.15544907080309658
Epoch time elapsed: 158.84 s
65 Training loss: 0.12877092974924811 Validation loss:  0.15487054840162806
Epoch time elapsed: 159.40 s
66 Training loss: 0.12844860189471918 Validation loss:  0.1553341495105118
Epoch time elapsed: 158.93 s
New learning rate: 1.00e-05
New L2 regularization lambda: 1.00e-05
67 Training loss: 0.12718910865106478 Validation loss:  0.1550554553830269
Epoch time elapsed: 160.14 s
68 Training loss: 0.12714656205829125 Validation loss:  0.15445387334983218
Epoch time elapsed: 159.55 s
69 Training loss: 0.1270283138958903 Validation loss:  0.15490217265752732
Epoch time elapsed: 159.59 s
70 Training loss: 0.12674522150910653 Validation loss:  0.1547315808494828
Epoch time elapsed: 159.44 s
71 Training loss: 0.126815800364601 Validation loss:  0.1552656500362649
Epoch time elapsed: 160.19 s
72 Training loss: 0.12667871948576154 Validation loss:  0.15502050848837257
Epoch time elapsed: 159.94 s
Training time elapsed: 11430.97 s
Best validation loss at batch: 39
Testing on the training and validation dataset ...
Prediciton time elapsed: 302.52 s
Version 2 model, evaluation on base change:
all/top1/top2/top1p/top2p: 11024009/9834756/10917878/89.21/99.04
Version 2 model, evaluation on Zygosity:
2099613	92238
125949	8706209
Version 2 model, evaluation on variant type:
7350552	22215	9428	11194
24205	3164821	2298	1011
11732	4621	170356	22447
12413	1119	16731	198866
Version 2 model, evaluation on indel length:
10563787	15260	1997	972	1425	2283
19859	225620	1951	186	143	574
4629	24666	39813	1517	1104	1325
2588	5297	2828	13772	4187	942
2630	1644	5291	2800	22873	4996
2830	1147	2702	626	5510	34235
