Initializing model ...
Loading the training dataset ...
Processed 100000 tensors
The size of training dataset: 132967
Start training ...
Start at learning rate: 1.00e-03
Number of variants for validation: 13296
Epoch: 1 ---------------------------- Loss: 367699.28

Epoch: 2 ---------------------------- Loss: 66178.75

Epoch: 3 ---------------------------- Loss: 22226.508

Epoch: 4 ---------------------------- Loss: 22819.234

Epoch: 5 ---------------------------- Loss: 25558.824

Epoch: 6 ---------------------------- Loss: 24667.71

Epoch: 7 ---------------------------- Loss: 25793.355

Epoch: 8 ---------------------------- Loss: 21727.09

Epoch: 9 ---------------------------- Loss: 24511.54

Epoch: 10 ---------------------------- Loss: 22389.43

Epoch: 11 ---------------------------- Loss: 20215.045

Epoch: 12 ---------------------------- Loss: 31029.309

12 Training loss: 3.102930859375 Validation loss:  1.9097756432855746
Epoch time elapsed: 365.26 s
Epoch: 13 ---------------------------- Loss: 21805.443

Epoch: 14 ---------------------------- Loss: 17428.855

Epoch: 15 ---------------------------- Loss: 16563.344

Epoch: 16 ---------------------------- Loss: 17546.158

Epoch: 17 ---------------------------- Loss: 16704.52

Epoch: 18 ---------------------------- Loss: 16772.41

Epoch: 19 ---------------------------- Loss: 14763.684

Epoch: 20 ---------------------------- Loss: 14767.516

Epoch: 21 ---------------------------- Loss: 14092.461

Epoch: 22 ---------------------------- Loss: 13006.363

Epoch: 23 ---------------------------- Loss: 16925.07

23 Training loss: 1.69250703125 Validation loss:  1.3671545953670277
Epoch time elapsed: 387.11 s
Epoch: 24 ---------------------------- Loss: 14493.483

Epoch: 25 ---------------------------- Loss: 12646.102

Epoch: 26 ---------------------------- Loss: 12158.77

Epoch: 27 ---------------------------- Loss: 12769.983

Epoch: 28 ---------------------------- Loss: 12187.681

Epoch: 29 ---------------------------- Loss: 12349.655

Epoch: 30 ---------------------------- Loss: 11400.559

Epoch: 31 ---------------------------- Loss: 11846.087

Epoch: 32 ---------------------------- Loss: 11371.856

Epoch: 33 ---------------------------- Loss: 11116.669

Epoch: 34 ---------------------------- Loss: 11940.997

34 Training loss: 1.19409970703125 Validation loss:  1.1104645987280009
Epoch time elapsed: 410.35 s
Epoch: 35 ---------------------------- Loss: 11435.798

Epoch: 36 ---------------------------- Loss: 10738.84

Epoch: 37 ---------------------------- Loss: 10866.238

Epoch: 38 ---------------------------- Loss: 11120.682

Epoch: 39 ---------------------------- Loss: 10961.423

Epoch: 40 ---------------------------- Loss: 11083.87

Epoch: 41 ---------------------------- Loss: 10675.492

Epoch: 42 ---------------------------- Loss: 10875.958

Epoch: 43 ---------------------------- Loss: 10685.831

Epoch: 44 ---------------------------- Loss: 10614.714

Epoch: 45 ---------------------------- Loss: 11037.628

45 Training loss: 1.10376279296875 Validation loss:  1.0510743803352511
Epoch time elapsed: 162.02 s
Epoch: 46 ---------------------------- Loss: 10656.885

Epoch: 47 ---------------------------- Loss: 10456.593

Epoch: 48 ---------------------------- Loss: 10604.675

Epoch: 49 ---------------------------- Loss: 10556.548

Epoch: 50 ---------------------------- Loss: 10474.5205

Epoch: 51 ---------------------------- Loss: 10580.135

Epoch: 52 ---------------------------- Loss: 10334.89

Epoch: 53 ---------------------------- Loss: 10510.733

Epoch: 54 ---------------------------- Loss: 10443.377

Epoch: 55 ---------------------------- Loss: 10385.542

Epoch: 56 ---------------------------- Loss: 10463.607

56 Training loss: 1.0463607421875 Validation loss:  1.0291677536947201
Epoch time elapsed: 132.26 s
Epoch: 57 ---------------------------- Loss: 10437.63

Epoch: 58 ---------------------------- Loss: 10276.826

Epoch: 59 ---------------------------- Loss: 10380.236

Epoch: 60 ---------------------------- Loss: 10382.218

Epoch: 61 ---------------------------- Loss: 10314.822

Epoch: 62 ---------------------------- Loss: 10289.603

Epoch: 63 ---------------------------- Loss: 10161.301

Epoch: 64 ---------------------------- Loss: 10208.989

Epoch: 65 ---------------------------- Loss: 10097.593

Epoch: 66 ---------------------------- Loss: 9959.79

Epoch: 67 ---------------------------- Loss: 9847.212

67 Training loss: 0.98472119140625 Validation loss:  0.9705263360456152
Epoch time elapsed: 127.29 s
Epoch: 68 ---------------------------- Loss: 9753.364

Epoch: 69 ---------------------------- Loss: 9649.912

Epoch: 70 ---------------------------- Loss: 9756.591

Epoch: 71 ---------------------------- Loss: 9754.699

Epoch: 72 ---------------------------- Loss: 9710.207

Epoch: 73 ---------------------------- Loss: 9466.158

Epoch: 74 ---------------------------- Loss: 9764.041

Epoch: 75 ---------------------------- Loss: 10031.771

Epoch: 76 ---------------------------- Loss: 10382.269

Epoch: 77 ---------------------------- Loss: 10319.204

Epoch: 78 ---------------------------- Loss: 11052.57

78 Training loss: 1.10525703125 Validation loss:  1.0447478770635905
Epoch time elapsed: 127.16 s
Epoch: 79 ---------------------------- Loss: 10577.375

Epoch: 80 ---------------------------- Loss: 10408.606

Epoch: 81 ---------------------------- Loss: 10355.423

Epoch: 82 ---------------------------- Loss: 10492.688

Epoch: 83 ---------------------------- Loss: 10175.629

Epoch: 84 ---------------------------- Loss: 10427.277

Epoch: 85 ---------------------------- Loss: 10111.342

Epoch: 86 ---------------------------- Loss: 10134.371

Epoch: 87 ---------------------------- Loss: 9952.493

Epoch: 88 ---------------------------- Loss: 9819.456

Epoch: 89 ---------------------------- Loss: 9728.571

89 Training loss: 0.97285712890625 Validation loss:  0.9309350115871314
Epoch time elapsed: 131.31 s
Epoch: 90 ---------------------------- Loss: 9421.319

Epoch: 91 ---------------------------- Loss: 9405.951

Epoch: 92 ---------------------------- Loss: 9218.966

Epoch: 93 ---------------------------- Loss: 9243.421

Epoch: 94 ---------------------------- Loss: 8739.367

Epoch: 95 ---------------------------- Loss: 8501.672

Epoch: 96 ---------------------------- Loss: 8519.209

Epoch: 97 ---------------------------- Loss: 8361.834

Epoch: 98 ---------------------------- Loss: 8394.352

Epoch: 99 ---------------------------- Loss: 8139.8115

Epoch: 100 ---------------------------- Loss: 7953.9233

100 Training loss: 0.795392333984375 Validation loss:  0.778073748096232
Epoch time elapsed: 128.72 s
Epoch: 101 ---------------------------- Loss: 7869.338

Epoch: 102 ---------------------------- Loss: 7618.197

Epoch: 103 ---------------------------- Loss: 7524.251

Epoch: 104 ---------------------------- Loss: 7559.7007

Epoch: 105 ---------------------------- Loss: 7400.1353

Epoch: 106 ---------------------------- Loss: 7371.005

Epoch: 107 ---------------------------- Loss: 7224.923

Epoch: 108 ---------------------------- Loss: 7246.806

Epoch: 109 ---------------------------- Loss: 7300.997

Epoch: 110 ---------------------------- Loss: 7183.6763

Epoch: 111 ---------------------------- Loss: 7205.02

111 Training loss: 0.720502001953125 Validation loss:  0.7203579201451564
Epoch time elapsed: 129.83 s
Epoch: 112 ---------------------------- Loss: 7220.7124

Epoch: 113 ---------------------------- Loss: 7115.075

Epoch: 114 ---------------------------- Loss: 7143.527

Epoch: 115 ---------------------------- Loss: 7176.8877

Epoch: 116 ---------------------------- Loss: 7145.896

Epoch: 117 ---------------------------- Loss: 7187.257

Epoch: 118 ---------------------------- Loss: 7004.2505

Epoch: 119 ---------------------------- Loss: 7097.1055

Epoch: 120 ---------------------------- Loss: 7142.09

Epoch: 121 ---------------------------- Loss: 6980.7188

Epoch: 122 ---------------------------- Loss: 7015.4155

122 Training loss: 0.701541552734375 Validation loss:  0.69969542649105
Epoch time elapsed: 130.30 s
Epoch: 123 ---------------------------- Loss: 7000.7974

Epoch: 124 ---------------------------- Loss: 6892.2803

Epoch: 125 ---------------------------- Loss: 6899.89

Epoch: 126 ---------------------------- Loss: 7030.848

Epoch: 127 ---------------------------- Loss: 6923.87

Epoch: 128 ---------------------------- Loss: 6976.812

Epoch: 129 ---------------------------- Loss: 6892.7114

Epoch: 130 ---------------------------- Loss: 6946.067

Epoch: 131 ---------------------------- Loss: 6985.6294

Epoch: 132 ---------------------------- Loss: 6811.2637

Epoch: 133 ---------------------------- Loss: 6802.44

133 Training loss: 0.680243994140625 Validation loss:  0.6786759763274669
Epoch time elapsed: 133.78 s
Epoch: 134 ---------------------------- Loss: 6859.023

Epoch: 135 ---------------------------- Loss: 6751.0566

Epoch: 136 ---------------------------- Loss: 6746.659

Epoch: 137 ---------------------------- Loss: 6837.626

Epoch: 138 ---------------------------- Loss: 6726.5044

Epoch: 139 ---------------------------- Loss: 6880.431

Epoch: 140 ---------------------------- Loss: 6672.879

Epoch: 141 ---------------------------- Loss: 6735.334

Epoch: 142 ---------------------------- Loss: 6808.115

Epoch: 143 ---------------------------- Loss: 6658.073

Epoch: 144 ---------------------------- Loss: 6718.9624

144 Training loss: 0.671896240234375 Validation loss:  0.6673025780779934
Epoch time elapsed: 133.24 s
Epoch: 145 ---------------------------- Loss: 6734.638

Epoch: 146 ---------------------------- Loss: 6591.8135

Epoch: 147 ---------------------------- Loss: 6629.9727

Epoch: 148 ---------------------------- Loss: 6675.887

Epoch: 149 ---------------------------- Loss: 6640.5825

Epoch: 150 ---------------------------- Loss: 6699.9023

Epoch: 151 ---------------------------- Loss: 6556.128

Epoch: 152 ---------------------------- Loss: 6592.3237

Epoch: 153 ---------------------------- Loss: 6660.2754

Epoch: 154 ---------------------------- Loss: 6518.4966

Epoch: 155 ---------------------------- Loss: 6517.7217

155 Training loss: 0.65177216796875 Validation loss:  0.6504673779943216
Epoch time elapsed: 138.82 s
Epoch: 156 ---------------------------- Loss: 6567.6973

Epoch: 157 ---------------------------- Loss: 6431.249

Epoch: 158 ---------------------------- Loss: 6433.7124

Epoch: 159 ---------------------------- Loss: 6505.1104

Epoch: 160 ---------------------------- Loss: 6469.172

Epoch: 161 ---------------------------- Loss: 6522.769

Epoch: 162 ---------------------------- Loss: 6442.1694

Epoch: 163 ---------------------------- Loss: 6452.6396

Epoch: 164 ---------------------------- Loss: 6471.082

Epoch: 165 ---------------------------- Loss: 6348.4395

Epoch: 166 ---------------------------- Loss: 6367.0957

166 Training loss: 0.6367095703125 Validation loss:  0.6369761112364621
Epoch time elapsed: 136.54 s
Epoch: 167 ---------------------------- Loss: 6393.167

Epoch: 168 ---------------------------- Loss: 6308.3955

Epoch: 169 ---------------------------- Loss: 6335.0503

Epoch: 170 ---------------------------- Loss: 6410.3477

Epoch: 171 ---------------------------- Loss: 6308.931

Epoch: 172 ---------------------------- Loss: 6415.518

Epoch: 173 ---------------------------- Loss: 6308.2764

Epoch: 174 ---------------------------- Loss: 6352.739

Epoch: 175 ---------------------------- Loss: 6348.6284

Epoch: 176 ---------------------------- Loss: 6184.858

Epoch: 177 ---------------------------- Loss: 6306.7603

177 Training loss: 0.630676025390625 Validation loss:  0.627052646825173
Epoch time elapsed: 132.59 s
Epoch: 178 ---------------------------- Loss: 6307.454

Epoch: 179 ---------------------------- Loss: 6167.5986

Epoch: 180 ---------------------------- Loss: 6209.1807

Epoch: 181 ---------------------------- Loss: 6287.408

Epoch: 182 ---------------------------- Loss: 6237.2827

Epoch: 183 ---------------------------- Loss: 6285.2153

Epoch: 184 ---------------------------- Loss: 6141.074

Epoch: 185 ---------------------------- Loss: 6211.888

Epoch: 186 ---------------------------- Loss: 6276.058

Epoch: 187 ---------------------------- Loss: 6251.8384

Epoch: 188 ---------------------------- Loss: 6190.5527

188 Training loss: 0.6190552734375 Validation loss:  0.6181643562913658
Epoch time elapsed: 132.47 s
Epoch: 189 ---------------------------- Loss: 6219.1685

Epoch: 190 ---------------------------- Loss: 6274.6685

Epoch: 191 ---------------------------- Loss: 6216.862

Epoch: 192 ---------------------------- Loss: 6324.427

Epoch: 193 ---------------------------- Loss: 6249.258

Epoch: 194 ---------------------------- Loss: 6224.0005

Epoch: 195 ---------------------------- Loss: 6156.522

Epoch: 196 ---------------------------- Loss: 6274.6187

Epoch: 197 ---------------------------- Loss: 6171.7427

Epoch: 198 ---------------------------- Loss: 6149.1367

Epoch: 199 ---------------------------- Loss: 6166.6616

199 Training loss: 0.616666162109375 Validation loss:  0.6151533253069532
Epoch time elapsed: 136.31 s
Epoch: 200 ---------------------------- Loss: 6186.6494

Epoch: 201 ---------------------------- Loss: 5979.8804

Epoch: 202 ---------------------------- Loss: 6030.236

Epoch: 203 ---------------------------- Loss: 6141.2793

Epoch: 204 ---------------------------- Loss: 5960.5737

Epoch: 205 ---------------------------- Loss: 6098.8457

Epoch: 206 ---------------------------- Loss: 6006.0923

Epoch: 207 ---------------------------- Loss: 6025.591

Epoch: 208 ---------------------------- Loss: 6001.24

Epoch: 209 ---------------------------- Loss: 5922.6245

Epoch: 210 ---------------------------- Loss: 5968.5083

210 Training loss: 0.596850830078125 Validation loss:  0.5976444616214464
Epoch time elapsed: 133.61 s
Epoch: 211 ---------------------------- Loss: 5993.2305

Epoch: 212 ---------------------------- Loss: 5826.049

Epoch: 213 ---------------------------- Loss: 5852.483

Epoch: 214 ---------------------------- Loss: 5978.799

Epoch: 215 ---------------------------- Loss: 5906.099

Epoch: 216 ---------------------------- Loss: 5946.531

Epoch: 217 ---------------------------- Loss: 5883.4946

Epoch: 218 ---------------------------- Loss: 5908.641

Epoch: 219 ---------------------------- Loss: 5902.46

Epoch: 220 ---------------------------- Loss: 5856.5376

Epoch: 221 ---------------------------- Loss: 5827.167

221 Training loss: 0.58271669921875 Validation loss:  0.5821016864799564
Epoch time elapsed: 131.64 s
Epoch: 222 ---------------------------- Loss: 5825.5264

Epoch: 223 ---------------------------- Loss: 5747.07

Epoch: 224 ---------------------------- Loss: 5735.946

Epoch: 225 ---------------------------- Loss: 5903.3345

Epoch: 226 ---------------------------- Loss: 5725.7515

Epoch: 227 ---------------------------- Loss: 5797.222

Epoch: 228 ---------------------------- Loss: 5698.707

Epoch: 229 ---------------------------- Loss: 5771.9756

Epoch: 230 ---------------------------- Loss: 5758.8887

Epoch: 231 ---------------------------- Loss: 5696.7583

Epoch: 232 ---------------------------- Loss: 5684.0845

232 Training loss: 0.568408447265625 Validation loss:  0.5729300341738117
Epoch time elapsed: 133.54 s
Epoch: 233 ---------------------------- Loss: 5756.453

Epoch: 234 ---------------------------- Loss: 5590.9736

Epoch: 235 ---------------------------- Loss: 5667.2593

Epoch: 236 ---------------------------- Loss: 5761.1836

Epoch: 237 ---------------------------- Loss: 5656.155

Epoch: 238 ---------------------------- Loss: 5707.449

Epoch: 239 ---------------------------- Loss: 5676.7515

Epoch: 240 ---------------------------- Loss: 5767.0576

Epoch: 241 ---------------------------- Loss: 5898.9863

Epoch: 242 ---------------------------- Loss: 5898.784

Epoch: 243 ---------------------------- Loss: 5871.3354

243 Training loss: 0.587133544921875 Validation loss:  0.5779631576813515
Epoch time elapsed: 135.50 s
Epoch: 244 ---------------------------- Loss: 5822.546

Epoch: 245 ---------------------------- Loss: 5640.247

Epoch: 246 ---------------------------- Loss: 5605.823

Epoch: 247 ---------------------------- Loss: 5763.4517

Epoch: 248 ---------------------------- Loss: 5784.505

Epoch: 249 ---------------------------- Loss: 5688.9746

Epoch: 250 ---------------------------- Loss: 5641.34

Epoch: 251 ---------------------------- Loss: 5638.6797

Epoch: 252 ---------------------------- Loss: 5641.3184

Epoch: 253 ---------------------------- Loss: 5590.771

Epoch: 254 ---------------------------- Loss: 5566.67

254 Training loss: 0.5566669921875 Validation loss:  0.563235800475707
Epoch time elapsed: 131.68 s
Epoch: 255 ---------------------------- Loss: 5675.1924

Epoch: 256 ---------------------------- Loss: 5563.0986

Epoch: 257 ---------------------------- Loss: 5533.3335

Epoch: 258 ---------------------------- Loss: 5656.3936

Epoch: 259 ---------------------------- Loss: 5665.077

Epoch: 260 ---------------------------- Loss: 5693.3105

Epoch: 261 ---------------------------- Loss: 5596.3257

Epoch: 262 ---------------------------- Loss: 5632.7466

Epoch: 263 ---------------------------- Loss: 5566.8545

Epoch: 264 ---------------------------- Loss: 5514.744

Epoch: 265 ---------------------------- Loss: 5555.6685

265 Training loss: 0.555566845703125 Validation loss:  0.5519467937960665
Epoch time elapsed: 131.21 s
Epoch: 266 ---------------------------- Loss: 5587.9385

Epoch: 267 ---------------------------- Loss: 5450.199

Epoch: 268 ---------------------------- Loss: 5429.1094

Epoch: 269 ---------------------------- Loss: 5537.2534

Epoch: 270 ---------------------------- Loss: 5506.372

Epoch: 271 ---------------------------- Loss: 5459.836

Epoch: 272 ---------------------------- Loss: 5475.1

Epoch: 273 ---------------------------- Loss: 5485.3433

Epoch: 274 ---------------------------- Loss: 5436.4814

Epoch: 275 ---------------------------- Loss: 5389.6416

Epoch: 276 ---------------------------- Loss: 5455.538

276 Training loss: 0.54555380859375 Validation loss:  0.5422738232480633
Epoch time elapsed: 132.00 s
Epoch: 277 ---------------------------- Loss: 5405.658

Epoch: 278 ---------------------------- Loss: 5355.236

Epoch: 279 ---------------------------- Loss: 5290.9614

Epoch: 280 ---------------------------- Loss: 5447.462

Epoch: 281 ---------------------------- Loss: 5341.3203

Epoch: 282 ---------------------------- Loss: 5357.8306

Epoch: 283 ---------------------------- Loss: 5292.455

Epoch: 284 ---------------------------- Loss: 5340.8257

Epoch: 285 ---------------------------- Loss: 5294.935

Epoch: 286 ---------------------------- Loss: 5295.955

Epoch: 287 ---------------------------- Loss: 5286.1914

287 Training loss: 0.528619140625 Validation loss:  0.524238375263237
Epoch time elapsed: 134.11 s
Epoch: 288 ---------------------------- Loss: 5243.37

Epoch: 289 ---------------------------- Loss: 5216.3877

Epoch: 290 ---------------------------- Loss: 5115.604

Epoch: 291 ---------------------------- Loss: 5255.7036

Epoch: 292 ---------------------------- Loss: 5166.6367

Epoch: 293 ---------------------------- Loss: 5222.2607

Epoch: 294 ---------------------------- Loss: 5075.594

Epoch: 295 ---------------------------- Loss: 5145.4253

Epoch: 296 ---------------------------- Loss: 5142.0356

Epoch: 297 ---------------------------- Loss: 5185.355

Epoch: 298 ---------------------------- Loss: 5148.162

298 Training loss: 0.5148162109375 Validation loss:  0.512509783252482
Epoch time elapsed: 132.59 s
Epoch: 299 ---------------------------- Loss: 5164.628

Epoch: 300 ---------------------------- Loss: 5091.3955

Epoch: 301 ---------------------------- Loss: 5097.364

Epoch: 302 ---------------------------- Loss: 5107.2427

Epoch: 303 ---------------------------- Loss: 5059.857

Epoch: 304 ---------------------------- Loss: 5116.1157

Epoch: 305 ---------------------------- Loss: 5051.0347

Epoch: 306 ---------------------------- Loss: 4988.8076

Epoch: 307 ---------------------------- Loss: 5052.402

Epoch: 308 ---------------------------- Loss: 5073.8613

Epoch: 309 ---------------------------- Loss: 5035.9297

309 Training loss: 0.50359296875 Validation loss:  0.5016913201691298
Epoch time elapsed: 132.82 s
Epoch: 310 ---------------------------- Loss: 5005.166

Epoch: 311 ---------------------------- Loss: 4948.9463

Epoch: 312 ---------------------------- Loss: 4928.5854

Epoch: 313 ---------------------------- Loss: 5065.363

Epoch: 314 ---------------------------- Loss: 4961.361

Epoch: 315 ---------------------------- Loss: 5053.7373

Epoch: 316 ---------------------------- Loss: 4938.516

Epoch: 317 ---------------------------- Loss: 5007.391

Epoch: 318 ---------------------------- Loss: 4963.6187

Epoch: 319 ---------------------------- Loss: 4975.144

Epoch: 320 ---------------------------- Loss: 4988.6895

320 Training loss: 0.4988689453125 Validation loss:  0.4922140881186071
Epoch time elapsed: 132.16 s
Epoch: 321 ---------------------------- Loss: 4922.218

Epoch: 322 ---------------------------- Loss: 4999.355

Epoch: 323 ---------------------------- Loss: 5262.2354

Epoch: 324 ---------------------------- Loss: 5175.993

Epoch: 325 ---------------------------- Loss: 4957.856

Epoch: 326 ---------------------------- Loss: 5191.6846

Epoch: 327 ---------------------------- Loss: 5068.2505

Epoch: 328 ---------------------------- Loss: 5171.0503

Epoch: 329 ---------------------------- Loss: 5141.757

Epoch: 330 ---------------------------- Loss: 5033.654

Epoch: 331 ---------------------------- Loss: 4989.5635

331 Training loss: 0.49895634765625 Validation loss:  0.49853721278956076
Epoch time elapsed: 133.98 s
Epoch: 332 ---------------------------- Loss: 4963.3745

Epoch: 333 ---------------------------- Loss: 4953.6646

Epoch: 334 ---------------------------- Loss: 4982.791

Epoch: 335 ---------------------------- Loss: 4966.223

Epoch: 336 ---------------------------- Loss: 4928.867

Epoch: 337 ---------------------------- Loss: 5007.1714

Epoch: 338 ---------------------------- Loss: 4877.9937

Epoch: 339 ---------------------------- Loss: 4862.055

Epoch: 340 ---------------------------- Loss: 4910.2915

Epoch: 341 ---------------------------- Loss: 4861.901

Epoch: 342 ---------------------------- Loss: 4880.0615

342 Training loss: 0.48800615234375 Validation loss:  0.48032104639083184
Epoch time elapsed: 135.04 s
Epoch: 343 ---------------------------- Loss: 4811.512

Epoch: 344 ---------------------------- Loss: 4736.147

Epoch: 345 ---------------------------- Loss: 4671.331

Epoch: 346 ---------------------------- Loss: 4861.279

Epoch: 347 ---------------------------- Loss: 4694.2246

Epoch: 348 ---------------------------- Loss: 4850.156

Epoch: 349 ---------------------------- Loss: 4749.16

Epoch: 350 ---------------------------- Loss: 4681.4214

Epoch: 351 ---------------------------- Loss: 4667.8203

Epoch: 352 ---------------------------- Loss: 4685.269

Epoch: 353 ---------------------------- Loss: 4766.9634

353 Training loss: 0.476696337890625 Validation loss:  0.46555667147309343
Epoch time elapsed: 133.10 s
Epoch: 354 ---------------------------- Loss: 4657.478

Epoch: 355 ---------------------------- Loss: 4559.9165

Epoch: 356 ---------------------------- Loss: 4556.267

Epoch: 357 ---------------------------- Loss: 4683.695

Epoch: 358 ---------------------------- Loss: 4561.5015

Epoch: 359 ---------------------------- Loss: 4635.9336

Epoch: 360 ---------------------------- Loss: 4573.034

Epoch: 361 ---------------------------- Loss: 4617.3916

Epoch: 362 ---------------------------- Loss: 4693.152

Epoch: 363 ---------------------------- Loss: 4612.6104

Epoch: 364 ---------------------------- Loss: 4627.8774

364 Training loss: 0.462787744140625 Validation loss:  0.4539252509565847
Epoch time elapsed: 134.05 s
Epoch: 365 ---------------------------- Loss: 4532.081

Epoch: 366 ---------------------------- Loss: 4496.9097

Epoch: 367 ---------------------------- Loss: 4436.6455

Epoch: 368 ---------------------------- Loss: 4509.5903

Epoch: 369 ---------------------------- Loss: 4463.866

Epoch: 370 ---------------------------- Loss: 4493.712

Epoch: 371 ---------------------------- Loss: 4372.5938

Epoch: 372 ---------------------------- Loss: 4434.3857

Epoch: 373 ---------------------------- Loss: 4415.479

Epoch: 374 ---------------------------- Loss: 4464.8647

Epoch: 375 ---------------------------- Loss: 4472.7983

375 Training loss: 0.447279833984375 Validation loss:  0.4425161203322428
Epoch time elapsed: 132.90 s
Epoch: 376 ---------------------------- Loss: 4423.2246

Epoch: 377 ---------------------------- Loss: 4366.7676

Epoch: 378 ---------------------------- Loss: 4298.3755

Epoch: 379 ---------------------------- Loss: 4452.411

Epoch: 380 ---------------------------- Loss: 4313.525

Epoch: 381 ---------------------------- Loss: 4409.2666

Epoch: 382 ---------------------------- Loss: 4296.6436

Epoch: 383 ---------------------------- Loss: 4334.034

Epoch: 384 ---------------------------- Loss: 4346.5283

Epoch: 385 ---------------------------- Loss: 4305.817

Epoch: 386 ---------------------------- Loss: 4370.722

386 Training loss: 0.437072216796875 Validation loss:  0.42788835839961264
Epoch time elapsed: 134.04 s
Epoch: 387 ---------------------------- Loss: 4239.4194

Epoch: 388 ---------------------------- Loss: 4226.1694

Epoch: 389 ---------------------------- Loss: 4238.5938

Epoch: 390 ---------------------------- Loss: 4241.6587

Epoch: 391 ---------------------------- Loss: 4276.392

Epoch: 392 ---------------------------- Loss: 4283.9165

Epoch: 393 ---------------------------- Loss: 4257.4834

Epoch: 394 ---------------------------- Loss: 4185.0674

Epoch: 395 ---------------------------- Loss: 4247.8403

Epoch: 396 ---------------------------- Loss: 4201.5996

Epoch: 397 ---------------------------- Loss: 4267.8154

397 Training loss: 0.42678154296875 Validation loss:  0.4196030379202392
Epoch time elapsed: 132.91 s
Epoch: 398 ---------------------------- Loss: 4163.8193

Epoch: 399 ---------------------------- Loss: 4164.2954

Epoch: 400 ---------------------------- Loss: 4204.2393

Epoch: 401 ---------------------------- Loss: 4248.279

Epoch: 402 ---------------------------- Loss: 4118.0835

Epoch: 403 ---------------------------- Loss: 4189.821

Epoch: 404 ---------------------------- Loss: 4135.8525

Epoch: 405 ---------------------------- Loss: 4100.6406

Epoch: 406 ---------------------------- Loss: 4161.25

Epoch: 407 ---------------------------- Loss: 4089.0674

Epoch: 408 ---------------------------- Loss: 4145.596

408 Training loss: 0.414559619140625 Validation loss:  0.411233950177685
Epoch time elapsed: 133.99 s
Epoch: 409 ---------------------------- Loss: 4058.181

Epoch: 410 ---------------------------- Loss: 4091.7964

Epoch: 411 ---------------------------- Loss: 4026.4133

Epoch: 412 ---------------------------- Loss: 4080.325

Epoch: 413 ---------------------------- Loss: 4074.5757

Epoch: 414 ---------------------------- Loss: 4095.9326

Epoch: 415 ---------------------------- Loss: 4048.516

Epoch: 416 ---------------------------- Loss: 3987.4895

Epoch: 417 ---------------------------- Loss: 4078.3062

Epoch: 418 ---------------------------- Loss: 3998.755

Epoch: 419 ---------------------------- Loss: 4087.8147

419 Training loss: 0.4087814697265625 Validation loss:  0.40058768555862667
Epoch time elapsed: 134.14 s
Epoch: 420 ---------------------------- Loss: 3998.2534

Epoch: 421 ---------------------------- Loss: 3930.8328

Epoch: 422 ---------------------------- Loss: 3907.6384

Epoch: 423 ---------------------------- Loss: 4008.2312

Epoch: 424 ---------------------------- Loss: 3971.6602

Epoch: 425 ---------------------------- Loss: 4013.0166

Epoch: 426 ---------------------------- Loss: 3954.9758

Epoch: 427 ---------------------------- Loss: 3953.7437

Epoch: 428 ---------------------------- Loss: 3989.8835

Epoch: 429 ---------------------------- Loss: 3980.3137

Epoch: 430 ---------------------------- Loss: 3992.253

430 Training loss: 0.39922529296875 Validation loss:  0.39504005992168695
Epoch time elapsed: 132.73 s
Epoch: 431 ---------------------------- Loss: 3909.113

Epoch: 432 ---------------------------- Loss: 3878.2993

Epoch: 433 ---------------------------- Loss: 3859.8555

Epoch: 434 ---------------------------- Loss: 3935.9656

Epoch: 435 ---------------------------- Loss: 3869.862

Epoch: 436 ---------------------------- Loss: 3994.5955

Epoch: 437 ---------------------------- Loss: 3921.6174

Epoch: 438 ---------------------------- Loss: 3835.3596

Epoch: 439 ---------------------------- Loss: 3977.396

Epoch: 440 ---------------------------- Loss: 3990.1074

Epoch: 441 ---------------------------- Loss: 4054.158

441 Training loss: 0.4054157958984375 Validation loss:  0.38946893097548135
Epoch time elapsed: 136.49 s
Epoch: 442 ---------------------------- Loss: 3845.5354

Epoch: 443 ---------------------------- Loss: 3855.1907

Epoch: 444 ---------------------------- Loss: 3865.4443

Epoch: 445 ---------------------------- Loss: 3946.2964

Epoch: 446 ---------------------------- Loss: 3833.3086

Epoch: 447 ---------------------------- Loss: 3915.4373

Epoch: 448 ---------------------------- Loss: 3805.0042

Epoch: 449 ---------------------------- Loss: 3809.804

Epoch: 450 ---------------------------- Loss: 3794.5576

Epoch: 451 ---------------------------- Loss: 3786.1414

Epoch: 452 ---------------------------- Loss: 3874.2776

452 Training loss: 0.3874277587890625 Validation loss:  0.3868653518915463
Epoch time elapsed: 135.09 s
Epoch: 453 ---------------------------- Loss: 3809.3125

Epoch: 454 ---------------------------- Loss: 3825.1243

Epoch: 455 ---------------------------- Loss: 3765.1348

Epoch: 456 ---------------------------- Loss: 3769.4265

Epoch: 457 ---------------------------- Loss: 3737.1194

Epoch: 458 ---------------------------- Loss: 3797.961

Epoch: 459 ---------------------------- Loss: 3701.6118

Epoch: 460 ---------------------------- Loss: 3762.6006

Epoch: 461 ---------------------------- Loss: 3796.1023

Epoch: 462 ---------------------------- Loss: 3730.257

Epoch: 463 ---------------------------- Loss: 3771.2112

463 Training loss: 0.3771211181640625 Validation loss:  0.3802189832703445
Epoch time elapsed: 133.17 s
Epoch: 464 ---------------------------- Loss: 3718.8396

Epoch: 465 ---------------------------- Loss: 3645.487

Epoch: 466 ---------------------------- Loss: 3640.9656

Epoch: 467 ---------------------------- Loss: 3702.7297

Epoch: 468 ---------------------------- Loss: 3589.3994

Epoch: 469 ---------------------------- Loss: 3748.776

Epoch: 470 ---------------------------- Loss: 3745.4067

Epoch: 471 ---------------------------- Loss: 3621.5745

Epoch: 472 ---------------------------- Loss: 3754.131

Epoch: 473 ---------------------------- Loss: 3765.115

Epoch: 474 ---------------------------- Loss: 3714.6685

474 Training loss: 0.371466845703125 Validation loss:  0.3712765984013049
Epoch time elapsed: 133.91 s
Epoch: 475 ---------------------------- Loss: 3650.159

Epoch: 476 ---------------------------- Loss: 3623.9304

Epoch: 477 ---------------------------- Loss: 3550.374

Epoch: 478 ---------------------------- Loss: 3677.9753

Epoch: 479 ---------------------------- Loss: 3578.5505

Epoch: 480 ---------------------------- Loss: 3618.006

Epoch: 481 ---------------------------- Loss: 3655.2625

Epoch: 482 ---------------------------- Loss: 3634.9392

Epoch: 483 ---------------------------- Loss: 3570.0657

Epoch: 484 ---------------------------- Loss: 3601.7737

Epoch: 485 ---------------------------- Loss: 3636.8606

485 Training loss: 0.3636860595703125 Validation loss:  0.3576644732203294
Epoch time elapsed: 133.81 s
Epoch: 486 ---------------------------- Loss: 3496.052

Epoch: 487 ---------------------------- Loss: 3554.1824

Epoch: 488 ---------------------------- Loss: 3495.077

Epoch: 489 ---------------------------- Loss: 3543.1174

Epoch: 490 ---------------------------- Loss: 3518.973

Epoch: 491 ---------------------------- Loss: 3547.7021

Epoch: 492 ---------------------------- Loss: 3506.3499

Epoch: 493 ---------------------------- Loss: 3543.1123

Epoch: 494 ---------------------------- Loss: 3476.879

Epoch: 495 ---------------------------- Loss: 3479.1077

Epoch: 496 ---------------------------- Loss: 3555.4646

496 Training loss: 0.3555464599609375 Validation loss:  0.3518959899241313
Epoch time elapsed: 129.52 s
Epoch: 497 ---------------------------- Loss: 3469.4478

Epoch: 498 ---------------------------- Loss: 3432.6362

Epoch: 499 ---------------------------- Loss: 3381.0774

Epoch: 500 ---------------------------- Loss: 3463.7642

Epoch: 501 ---------------------------- Loss: 3395.7122

Epoch: 502 ---------------------------- Loss: 3402.139

Epoch: 503 ---------------------------- Loss: 3440.053

Epoch: 504 ---------------------------- Loss: 3438.4539

Epoch: 505 ---------------------------- Loss: 3444.1982

Epoch: 506 ---------------------------- Loss: 3389.4314

Epoch: 507 ---------------------------- Loss: 3453.1648

507 Training loss: 0.3453164794921875 Validation loss:  0.3428414134772676
Epoch time elapsed: 134.63 s
Epoch: 508 ---------------------------- Loss: 3431.4175

Epoch: 509 ---------------------------- Loss: 3361.6309

Epoch: 510 ---------------------------- Loss: 3352.6282

Epoch: 511 ---------------------------- Loss: 3461.4185

Epoch: 512 ---------------------------- Loss: 3374.3281

Epoch: 513 ---------------------------- Loss: 3395.396

Epoch: 514 ---------------------------- Loss: 3438.2808

Epoch: 515 ---------------------------- Loss: 3416.706

Epoch: 516 ---------------------------- Loss: 3419.3252

Epoch: 517 ---------------------------- Loss: 3453.7693

Epoch: 518 ---------------------------- Loss: 3510.2058

518 Training loss: 0.3510205810546875 Validation loss:  0.3509295265023315
Epoch time elapsed: 132.39 s
Epoch: 519 ---------------------------- Loss: 3431.5178

Epoch: 520 ---------------------------- Loss: 3337.553

Epoch: 521 ---------------------------- Loss: 3353.763

Epoch: 522 ---------------------------- Loss: 3467.5593

Epoch: 523 ---------------------------- Loss: 3351.5032

Epoch: 524 ---------------------------- Loss: 3405.6775

Epoch: 525 ---------------------------- Loss: 3341.217

Epoch: 526 ---------------------------- Loss: 3391.0505

Epoch: 527 ---------------------------- Loss: 3437.0596

Epoch: 528 ---------------------------- Loss: 3364.1067

Epoch: 529 ---------------------------- Loss: 3442.9993

529 Training loss: 0.3442999267578125 Validation loss:  0.3370366469473902
Epoch time elapsed: 123.16 s
Epoch: 530 ---------------------------- Loss: 3350.8044

Epoch: 531 ---------------------------- Loss: 3350.5293

Epoch: 532 ---------------------------- Loss: 3234.4094

Epoch: 533 ---------------------------- Loss: 3413.4146

Epoch: 534 ---------------------------- Loss: 3274.6375

Epoch: 535 ---------------------------- Loss: 3319.1501

Epoch: 536 ---------------------------- Loss: 3307.8772

Epoch: 537 ---------------------------- Loss: 3299.5066

Epoch: 538 ---------------------------- Loss: 3362.2563

Epoch: 539 ---------------------------- Loss: 3335.4531

Epoch: 540 ---------------------------- Loss: 3325.4595

540 Training loss: 0.332545947265625 Validation loss:  0.3348443390516885
Epoch time elapsed: 122.87 s
Epoch: 541 ---------------------------- Loss: 3237.2925

Epoch: 542 ---------------------------- Loss: 3303.1838

Epoch: 543 ---------------------------- Loss: 3171.5454

Epoch: 544 ---------------------------- Loss: 3221.3213

Epoch: 545 ---------------------------- Loss: 3250.602

Epoch: 546 ---------------------------- Loss: 3306.45

Epoch: 547 ---------------------------- Loss: 3207.9614

Epoch: 548 ---------------------------- Loss: 3207.5142

Epoch: 549 ---------------------------- Loss: 3260.2166

Epoch: 550 ---------------------------- Loss: 3233.5984

Epoch: 551 ---------------------------- Loss: 3258.498

551 Training loss: 0.3258498046875 Validation loss:  0.3236421477206491
Epoch time elapsed: 122.10 s
Epoch: 552 ---------------------------- Loss: 3211.8855

Epoch: 553 ---------------------------- Loss: 3183.6235

Epoch: 554 ---------------------------- Loss: 3116.996

Epoch: 555 ---------------------------- Loss: 3189.1646

Epoch: 556 ---------------------------- Loss: 3126.6946

Epoch: 557 ---------------------------- Loss: 3177.7102

Epoch: 558 ---------------------------- Loss: 3153.9172

Epoch: 559 ---------------------------- Loss: 3119.0945

Epoch: 560 ---------------------------- Loss: 3181.899

Epoch: 561 ---------------------------- Loss: 3193.3083

Epoch: 562 ---------------------------- Loss: 3261.1777

562 Training loss: 0.3261177734375 Validation loss:  0.3229624613958145
Epoch time elapsed: 123.13 s
Epoch: 563 ---------------------------- Loss: 3211.9414

Epoch: 564 ---------------------------- Loss: 3170.6

Epoch: 565 ---------------------------- Loss: 3048.48

Epoch: 566 ---------------------------- Loss: 3187.8752

Epoch: 567 ---------------------------- Loss: 3107.0396

Epoch: 568 ---------------------------- Loss: 3189.388

Epoch: 569 ---------------------------- Loss: 3113.7493

Epoch: 570 ---------------------------- Loss: 3124.3235

Epoch: 571 ---------------------------- Loss: 3201.919

Epoch: 572 ---------------------------- Loss: 3187.6973

Epoch: 573 ---------------------------- Loss: 3253.341

573 Training loss: 0.3253341064453125 Validation loss:  0.3205084588410048
Epoch time elapsed: 121.73 s
Epoch: 574 ---------------------------- Loss: 3154.2825

Epoch: 575 ---------------------------- Loss: 3156.4702

Epoch: 576 ---------------------------- Loss: 3056.1743

Epoch: 577 ---------------------------- Loss: 3143.5654

Epoch: 578 ---------------------------- Loss: 3190.4006

Epoch: 579 ---------------------------- Loss: 3118.689

Epoch: 580 ---------------------------- Loss: 3199.2932

Epoch: 581 ---------------------------- Loss: 3173.1694

Epoch: 582 ---------------------------- Loss: 3133.3252

Epoch: 583 ---------------------------- Loss: 3214.5781

Epoch: 584 ---------------------------- Loss: 3218.3857

584 Training loss: 0.32183857421875 Validation loss:  0.31879455346062724
Epoch time elapsed: 122.03 s
Epoch: 585 ---------------------------- Loss: 3135.4895

Epoch: 586 ---------------------------- Loss: 3127.9148

Epoch: 587 ---------------------------- Loss: 3028.4172

Epoch: 588 ---------------------------- Loss: 3154.909

Epoch: 589 ---------------------------- Loss: 2992.2615

Epoch: 590 ---------------------------- Loss: 3182.8147

Epoch: 591 ---------------------------- Loss: 3099.0552

Epoch: 592 ---------------------------- Loss: 3065.8865

Epoch: 593 ---------------------------- Loss: 3140.0876

Epoch: 594 ---------------------------- Loss: 3041.6882

Epoch: 595 ---------------------------- Loss: 3138.0413

595 Training loss: 0.3138041259765625 Validation loss:  0.3147331081716306
Epoch time elapsed: 123.34 s
Epoch: 596 ---------------------------- Loss: 3057.93

Epoch: 597 ---------------------------- Loss: 3055.5176

Epoch: 598 ---------------------------- Loss: 3008.0535

Epoch: 599 ---------------------------- Loss: 3067.1833

Epoch: 600 ---------------------------- Loss: 3068.76

Epoch: 601 ---------------------------- Loss: 3097.307

Epoch: 602 ---------------------------- Loss: 3065.1826

Epoch: 603 ---------------------------- Loss: 3034.1702

Epoch: 604 ---------------------------- Loss: 3006.0125

Epoch: 605 ---------------------------- Loss: 3052.9875

Epoch: 606 ---------------------------- Loss: 3088.9797

606 Training loss: 0.3088979736328125 Validation loss:  0.3073775822792099
Epoch time elapsed: 124.52 s
Epoch: 607 ---------------------------- Loss: 2991.8162

Epoch: 608 ---------------------------- Loss: 3031.807

Epoch: 609 ---------------------------- Loss: 2928.7903

Epoch: 610 ---------------------------- Loss: 2995.757

Epoch: 611 ---------------------------- Loss: 2953.2058

Epoch: 612 ---------------------------- Loss: 2963.758

Epoch: 613 ---------------------------- Loss: 2958.8523

Epoch: 614 ---------------------------- Loss: 2955.189

Epoch: 615 ---------------------------- Loss: 3022.0322

Epoch: 616 ---------------------------- Loss: 2960.5923

Epoch: 617 ---------------------------- Loss: 3061.5269

617 Training loss: 0.306152685546875 Validation loss:  0.30478757268398393
Epoch time elapsed: 123.23 s
Epoch: 618 ---------------------------- Loss: 2965.0352

Epoch: 619 ---------------------------- Loss: 2929.7742

Epoch: 620 ---------------------------- Loss: 2936.5005

Epoch: 621 ---------------------------- Loss: 2993.5254

Epoch: 622 ---------------------------- Loss: 2957.7908

Epoch: 623 ---------------------------- Loss: 2957.296

Epoch: 624 ---------------------------- Loss: 2931.4768

Epoch: 625 ---------------------------- Loss: 2921.9084

Epoch: 626 ---------------------------- Loss: 2937.8032

Epoch: 627 ---------------------------- Loss: 2902.9006

Epoch: 628 ---------------------------- Loss: 2995.545

628 Training loss: 0.2995544921875 Validation loss:  0.29858670194513387
Epoch time elapsed: 121.60 s
Epoch: 629 ---------------------------- Loss: 2972.159

Epoch: 630 ---------------------------- Loss: 2889.6333

Epoch: 631 ---------------------------- Loss: 2879.3894

Epoch: 632 ---------------------------- Loss: 2930.7798

Epoch: 633 ---------------------------- Loss: 2881.925

Epoch: 634 ---------------------------- Loss: 2953.9033

Epoch: 635 ---------------------------- Loss: 2894.939

Epoch: 636 ---------------------------- Loss: 2860.5352

Epoch: 637 ---------------------------- Loss: 2864.2874

Epoch: 638 ---------------------------- Loss: 2907.323

Epoch: 639 ---------------------------- Loss: 2921.8079

639 Training loss: 0.2921807861328125 Validation loss:  0.2982810120289937
Epoch time elapsed: 123.61 s
Epoch: 640 ---------------------------- Loss: 2855.9263

Epoch: 641 ---------------------------- Loss: 2925.4702

Epoch: 642 ---------------------------- Loss: 2819.1355

Epoch: 643 ---------------------------- Loss: 2882.7065

Epoch: 644 ---------------------------- Loss: 2800.7993

Epoch: 645 ---------------------------- Loss: 2850.5632

Epoch: 646 ---------------------------- Loss: 2809.6646

Epoch: 647 ---------------------------- Loss: 2857.1558

Epoch: 648 ---------------------------- Loss: 2789.335

Epoch: 649 ---------------------------- Loss: 2851.18

Epoch: 650 ---------------------------- Loss: 2908.2854

650 Training loss: 0.2908285400390625 Validation loss:  0.29142136923816375
Epoch time elapsed: 124.36 s
Epoch: 651 ---------------------------- Loss: 2823.9355

Epoch: 652 ---------------------------- Loss: 2850.7253

Epoch: 653 ---------------------------- Loss: 2795.0415

Epoch: 654 ---------------------------- Loss: 2836.0667

Epoch: 655 ---------------------------- Loss: 2804.1719

Epoch: 656 ---------------------------- Loss: 2800.8108

Epoch: 657 ---------------------------- Loss: 2779.673

Epoch: 658 ---------------------------- Loss: 2800.8298

Epoch: 659 ---------------------------- Loss: 2846.0234

Epoch: 660 ---------------------------- Loss: 2796.3643

Epoch: 661 ---------------------------- Loss: 2817.84

661 Training loss: 0.2817840087890625 Validation loss:  0.29144208152945433
Epoch time elapsed: 124.07 s
Epoch: 662 ---------------------------- Loss: 2811.7795

Epoch: 663 ---------------------------- Loss: 2770.8608

Epoch: 664 ---------------------------- Loss: 2689.7573

Epoch: 665 ---------------------------- Loss: 2756.3574

Epoch: 666 ---------------------------- Loss: 2778.097

Epoch: 667 ---------------------------- Loss: 2782.375

Epoch: 668 ---------------------------- Loss: 2749.891

Epoch: 669 ---------------------------- Loss: 2814.1492

Epoch: 670 ---------------------------- Loss: 2779.1892

Epoch: 671 ---------------------------- Loss: 2799.4744

Epoch: 672 ---------------------------- Loss: 2787.85

672 Training loss: 0.278785009765625 Validation loss:  0.2847203737848789
Epoch time elapsed: 124.18 s
Epoch: 673 ---------------------------- Loss: 2771.6265

Epoch: 674 ---------------------------- Loss: 2801.1008

Epoch: 675 ---------------------------- Loss: 2663.6086

Epoch: 676 ---------------------------- Loss: 2749.2642

Epoch: 677 ---------------------------- Loss: 2774.8474

Epoch: 678 ---------------------------- Loss: 2810.9028

Epoch: 679 ---------------------------- Loss: 2797.8997

Epoch: 680 ---------------------------- Loss: 2826.3472

Epoch: 681 ---------------------------- Loss: 2769.6787

Epoch: 682 ---------------------------- Loss: 2746.1836

Epoch: 683 ---------------------------- Loss: 2774.1506

683 Training loss: 0.2774150634765625 Validation loss:  0.28461334191791704
Epoch time elapsed: 123.67 s
Epoch: 684 ---------------------------- Loss: 2714.5022

Epoch: 685 ---------------------------- Loss: 2735.1125

Epoch: 686 ---------------------------- Loss: 2660.19

Epoch: 687 ---------------------------- Loss: 2684.4556

Epoch: 688 ---------------------------- Loss: 2721.8462

Epoch: 689 ---------------------------- Loss: 2692.258

Epoch: 690 ---------------------------- Loss: 2740.1204

Epoch: 691 ---------------------------- Loss: 2725.507

Epoch: 692 ---------------------------- Loss: 2721.3752

Epoch: 693 ---------------------------- Loss: 2720.6045

Epoch: 694 ---------------------------- Loss: 2750.8164

694 Training loss: 0.275081640625 Validation loss:  0.2831615535217359
Epoch time elapsed: 123.45 s
Epoch: 695 ---------------------------- Loss: 2737.5637

Epoch: 696 ---------------------------- Loss: 2698.543

Epoch: 697 ---------------------------- Loss: 2669.3972

Epoch: 698 ---------------------------- Loss: 2679.5322

Epoch: 699 ---------------------------- Loss: 2699.227

Epoch: 700 ---------------------------- Loss: 2715.7563

Epoch: 701 ---------------------------- Loss: 2678.2783

Epoch: 702 ---------------------------- Loss: 2718.0876

Epoch: 703 ---------------------------- Loss: 2645.0422

Epoch: 704 ---------------------------- Loss: 2707.2947

Epoch: 705 ---------------------------- Loss: 2767.507

705 Training loss: 0.2767507080078125 Validation loss:  0.2784213032820021
Epoch time elapsed: 123.82 s
Epoch: 706 ---------------------------- Loss: 2733.7507

Epoch: 707 ---------------------------- Loss: 2717.7173

Epoch: 708 ---------------------------- Loss: 2651.0703

Epoch: 709 ---------------------------- Loss: 2675.8884

Epoch: 710 ---------------------------- Loss: 2661.2815

Epoch: 711 ---------------------------- Loss: 2688.4246

Epoch: 712 ---------------------------- Loss: 2637.3662

Epoch: 713 ---------------------------- Loss: 2662.8818

Epoch: 714 ---------------------------- Loss: 2681.6265

Epoch: 715 ---------------------------- Loss: 2633.7095

Epoch: 716 ---------------------------- Loss: 2718.1692

716 Training loss: 0.2718169189453125 Validation loss:  0.27906918669148617
Epoch time elapsed: 120.89 s
Epoch: 717 ---------------------------- Loss: 2672.8726

Epoch: 718 ---------------------------- Loss: 2678.9165

Epoch: 719 ---------------------------- Loss: 2564.8218

Epoch: 720 ---------------------------- Loss: 2614.904

Epoch: 721 ---------------------------- Loss: 2605.9968

Epoch: 722 ---------------------------- Loss: 2666.7676

Epoch: 723 ---------------------------- Loss: 2614.6826

Epoch: 724 ---------------------------- Loss: 2656.9048

Epoch: 725 ---------------------------- Loss: 2632.1096

Epoch: 726 ---------------------------- Loss: 2673.8083

Epoch: 727 ---------------------------- Loss: 2673.6606

727 Training loss: 0.267366064453125 Validation loss:  0.277344961889384
Epoch time elapsed: 122.56 s
Epoch: 728 ---------------------------- Loss: 2684.4775

Epoch: 729 ---------------------------- Loss: 2628.8708

Epoch: 730 ---------------------------- Loss: 2614.5688

Epoch: 731 ---------------------------- Loss: 2587.8245

Epoch: 732 ---------------------------- Loss: 2591.103

Epoch: 733 ---------------------------- Loss: 2626.1328

Epoch: 734 ---------------------------- Loss: 2563.5203

Epoch: 735 ---------------------------- Loss: 2604.471

Epoch: 736 ---------------------------- Loss: 2615.1648

Epoch: 737 ---------------------------- Loss: 2632.1755

Epoch: 738 ---------------------------- Loss: 2625.3066

738 Training loss: 0.2625306640625 Validation loss:  0.27283697208629476
Epoch time elapsed: 123.15 s
Epoch: 739 ---------------------------- Loss: 2613.3916

Epoch: 740 ---------------------------- Loss: 2629.287

Epoch: 741 ---------------------------- Loss: 2566.056

Epoch: 742 ---------------------------- Loss: 2617.2183

Epoch: 743 ---------------------------- Loss: 2595.083

Epoch: 744 ---------------------------- Loss: 2604.1772

Epoch: 745 ---------------------------- Loss: 2556.777

Epoch: 746 ---------------------------- Loss: 2584.639

Epoch: 747 ---------------------------- Loss: 2578.8584

Epoch: 748 ---------------------------- Loss: 2626.29

Epoch: 749 ---------------------------- Loss: 2668.5103

749 Training loss: 0.266851025390625 Validation loss:  0.27505223243245147
Epoch time elapsed: 122.31 s
Epoch: 750 ---------------------------- Loss: 2603.8293

Epoch: 751 ---------------------------- Loss: 2627.5037

Epoch: 752 ---------------------------- Loss: 2537.1528

Epoch: 753 ---------------------------- Loss: 2584.619

Epoch: 754 ---------------------------- Loss: 2557.6553

Epoch: 755 ---------------------------- Loss: 2550.1929

Epoch: 756 ---------------------------- Loss: 2585.7222

Epoch: 757 ---------------------------- Loss: 2603.6675

Epoch: 758 ---------------------------- Loss: 2577.8813

Epoch: 759 ---------------------------- Loss: 2591.0312

Epoch: 760 ---------------------------- Loss: 2674.746

760 Training loss: 0.267474609375 Validation loss:  0.27485234413192877
Epoch time elapsed: 122.26 s
Epoch: 761 ---------------------------- Loss: 2630.1138

Epoch: 762 ---------------------------- Loss: 2591.853

Epoch: 763 ---------------------------- Loss: 2538.6848

Epoch: 764 ---------------------------- Loss: 2561.8494

Epoch: 765 ---------------------------- Loss: 2584.192

Epoch: 766 ---------------------------- Loss: 2554.1243

Epoch: 767 ---------------------------- Loss: 2561.287

Epoch: 768 ---------------------------- Loss: 2569.958

Epoch: 769 ---------------------------- Loss: 2567.2932

Epoch: 770 ---------------------------- Loss: 2591.398

Epoch: 771 ---------------------------- Loss: 2583.1196

771 Training loss: 0.258311962890625 Validation loss:  0.26966578808358715
Epoch time elapsed: 122.64 s
Epoch: 772 ---------------------------- Loss: 2613.3357

Epoch: 773 ---------------------------- Loss: 2599.029

Epoch: 774 ---------------------------- Loss: 2493.672

Epoch: 775 ---------------------------- Loss: 2524.887

Epoch: 776 ---------------------------- Loss: 2569.8254

Epoch: 777 ---------------------------- Loss: 2508.1953

Epoch: 778 ---------------------------- Loss: 2526.9358

Epoch: 779 ---------------------------- Loss: 2584.7026

Epoch: 780 ---------------------------- Loss: 2515.9812

Epoch: 781 ---------------------------- Loss: 2595.748

Epoch: 782 ---------------------------- Loss: 2598.9248

782 Training loss: 0.25989248046875 Validation loss:  0.271188380198932
Epoch time elapsed: 123.87 s
Epoch: 783 ---------------------------- Loss: 2561.1216

Epoch: 784 ---------------------------- Loss: 2559.9463

Epoch: 785 ---------------------------- Loss: 2478.467

Epoch: 786 ---------------------------- Loss: 2475.884

Epoch: 787 ---------------------------- Loss: 2545.9712

Epoch: 788 ---------------------------- Loss: 2589.6726

Epoch: 789 ---------------------------- Loss: 2510.2432

Epoch: 790 ---------------------------- Loss: 2552.4365

Epoch: 791 ---------------------------- Loss: 2507.794

Epoch: 792 ---------------------------- Loss: 2585.5261

Epoch: 793 ---------------------------- Loss: 2502.9385

793 Training loss: 0.25029384765625 Validation loss:  0.2714666006223676
Epoch time elapsed: 125.34 s
New learning rate: 1.00e-04
Epoch: 794 ---------------------------- Loss: 2546.4685

Epoch: 795 ---------------------------- Loss: 2569.2632

Epoch: 796 ---------------------------- Loss: 2447.3142

Epoch: 797 ---------------------------- Loss: 2467.4478

Epoch: 798 ---------------------------- Loss: 2491.903

Epoch: 799 ---------------------------- Loss: 2475.5159

Epoch: 800 ---------------------------- Loss: 2497.5605

Epoch: 801 ---------------------------- Loss: 2503.393

Epoch: 802 ---------------------------- Loss: 2513.1453

Epoch: 803 ---------------------------- Loss: 2592.4324

Epoch: 804 ---------------------------- Loss: 2525.4685

804 Training loss: 0.2525468505859375 Validation loss:  0.2654644246566166
Epoch time elapsed: 123.18 s
Epoch: 805 ---------------------------- Loss: 2566.6116

Epoch: 806 ---------------------------- Loss: 2555.2886

Epoch: 807 ---------------------------- Loss: 2496.2568

Epoch: 808 ---------------------------- Loss: 2451.0725

Epoch: 809 ---------------------------- Loss: 2526.0303

Epoch: 810 ---------------------------- Loss: 2551.1758

Epoch: 811 ---------------------------- Loss: 2586.0908

Epoch: 812 ---------------------------- Loss: 2580.0327

Epoch: 813 ---------------------------- Loss: 2568.2422

Epoch: 814 ---------------------------- Loss: 2636.384

Epoch: 815 ---------------------------- Loss: 2543.5906

815 Training loss: 0.2543590576171875 Validation loss:  0.2700034094488004
Epoch time elapsed: 123.27 s
Epoch: 816 ---------------------------- Loss: 2580.1338

Epoch: 817 ---------------------------- Loss: 2560.7249

Epoch: 818 ---------------------------- Loss: 2509.3389

Epoch: 819 ---------------------------- Loss: 2564.7886

Epoch: 820 ---------------------------- Loss: 2544.7764

Epoch: 821 ---------------------------- Loss: 2584.9246

Epoch: 822 ---------------------------- Loss: 2540.86

Epoch: 823 ---------------------------- Loss: 2550.8884

Epoch: 824 ---------------------------- Loss: 2562.248

Epoch: 825 ---------------------------- Loss: 2535.3442

Epoch: 826 ---------------------------- Loss: 2542.3242

826 Training loss: 0.254232421875 Validation loss:  0.26570142247903505
Epoch time elapsed: 123.69 s
Epoch: 827 ---------------------------- Loss: 2532.2532

Epoch: 828 ---------------------------- Loss: 2533.164

Epoch: 829 ---------------------------- Loss: 2471.2314

Epoch: 830 ---------------------------- Loss: 2543.9465

Epoch: 831 ---------------------------- Loss: 2497.6245

Epoch: 832 ---------------------------- Loss: 2473.2053

Epoch: 833 ---------------------------- Loss: 2510.5483

Epoch: 834 ---------------------------- Loss: 2497.949

Epoch: 835 ---------------------------- Loss: 2517.4543

Epoch: 836 ---------------------------- Loss: 2549.8467

Epoch: 837 ---------------------------- Loss: 2506.4543

837 Training loss: 0.2506454345703125 Validation loss:  0.27251828190221683
Epoch time elapsed: 124.35 s
Epoch: 838 ---------------------------- Loss: 2560.2395

Epoch: 839 ---------------------------- Loss: 2528.2415

Epoch: 840 ---------------------------- Loss: 2407.1055

Epoch: 841 ---------------------------- Loss: 2466.3071

Epoch: 842 ---------------------------- Loss: 2494.5063

Epoch: 843 ---------------------------- Loss: 2541.3035

Epoch: 844 ---------------------------- Loss: 2495.3125

Epoch: 845 ---------------------------- Loss: 2506.4644

Epoch: 846 ---------------------------- Loss: 2493.4321

Epoch: 847 ---------------------------- Loss: 2489.9932

Epoch: 848 ---------------------------- Loss: 2514.9548

848 Training loss: 0.2514954833984375 Validation loss:  0.26963583972623345
Epoch time elapsed: 122.11 s
Epoch: 849 ---------------------------- Loss: 2570.5945

Epoch: 850 ---------------------------- Loss: 2507.9097

Epoch: 851 ---------------------------- Loss: 2453.4673

Epoch: 852 ---------------------------- Loss: 2493.0593

Epoch: 853 ---------------------------- Loss: 2565.848

Epoch: 854 ---------------------------- Loss: 2483.5056

Epoch: 855 ---------------------------- Loss: 2514.8381

Epoch: 856 ---------------------------- Loss: 2544.7988

Epoch: 857 ---------------------------- Loss: 2490.6582

Epoch: 858 ---------------------------- Loss: 2549.3074

Epoch: 859 ---------------------------- Loss: 2490.4517

859 Training loss: 0.249045166015625 Validation loss:  0.2634108597334255
Epoch time elapsed: 123.31 s
Epoch: 860 ---------------------------- Loss: 2514.4316

Epoch: 861 ---------------------------- Loss: 2494.8896

Epoch: 862 ---------------------------- Loss: 2420.1353

Epoch: 863 ---------------------------- Loss: 2438.1814

Epoch: 864 ---------------------------- Loss: 2466.4917

Epoch: 865 ---------------------------- Loss: 2502.752

Epoch: 866 ---------------------------- Loss: 2449.3005

Epoch: 867 ---------------------------- Loss: 2523.7498

Epoch: 868 ---------------------------- Loss: 2450.973

Epoch: 869 ---------------------------- Loss: 2514.3276

Epoch: 870 ---------------------------- Loss: 2543.8337

870 Training loss: 0.2543833740234375 Validation loss:  0.26450840919026397
Epoch time elapsed: 123.22 s
Epoch: 871 ---------------------------- Loss: 2517.2783

Epoch: 872 ---------------------------- Loss: 2472.7004

Epoch: 873 ---------------------------- Loss: 2388.6582

Epoch: 874 ---------------------------- Loss: 2531.8127

Epoch: 875 ---------------------------- Loss: 2457.4072

Epoch: 876 ---------------------------- Loss: 2492.471

Epoch: 877 ---------------------------- Loss: 2423.843

Epoch: 878 ---------------------------- Loss: 2433.5164

Epoch: 879 ---------------------------- Loss: 2437.5889

Epoch: 880 ---------------------------- Loss: 2490.5508

Epoch: 881 ---------------------------- Loss: 2487.971

881 Training loss: 0.2487970947265625 Validation loss:  0.26243905298115977
Epoch time elapsed: 123.24 s
Epoch: 882 ---------------------------- Loss: 2472.1682

Epoch: 883 ---------------------------- Loss: 2462.0166

Epoch: 884 ---------------------------- Loss: 2365.116

Epoch: 885 ---------------------------- Loss: 2433.645

Epoch: 886 ---------------------------- Loss: 2426.0623

Epoch: 887 ---------------------------- Loss: 2407.9937

Epoch: 888 ---------------------------- Loss: 2394.1182

Epoch: 889 ---------------------------- Loss: 2431.7866

Epoch: 890 ---------------------------- Loss: 2468.9915

Epoch: 891 ---------------------------- Loss: 2445.0696

Epoch: 892 ---------------------------- Loss: 2472.0266

892 Training loss: 0.2472026611328125 Validation loss:  0.259347761867996
Epoch time elapsed: 124.47 s
Epoch: 893 ---------------------------- Loss: 2426.5483

Epoch: 894 ---------------------------- Loss: 2494.843

Epoch: 895 ---------------------------- Loss: 2341.983

Epoch: 896 ---------------------------- Loss: 2394.4734

Epoch: 897 ---------------------------- Loss: 2361.2524

Epoch: 898 ---------------------------- Loss: 2441.9421

Epoch: 899 ---------------------------- Loss: 2385.443

Epoch: 900 ---------------------------- Loss: 2443.2542

Epoch: 901 ---------------------------- Loss: 2400.3313

Epoch: 902 ---------------------------- Loss: 2442.654

Epoch: 903 ---------------------------- Loss: 2471.372

903 Training loss: 0.24713720703125 Validation loss:  0.25707444100316823
Epoch time elapsed: 124.58 s
Epoch: 904 ---------------------------- Loss: 2395.634

Epoch: 905 ---------------------------- Loss: 2477.8325

Epoch: 906 ---------------------------- Loss: 2347.7783

Epoch: 907 ---------------------------- Loss: 2556.107

Epoch: 908 ---------------------------- Loss: 2409.0596

Epoch: 909 ---------------------------- Loss: 2457.5696

Epoch: 910 ---------------------------- Loss: 2355.6367

Epoch: 911 ---------------------------- Loss: 2417.351

Epoch: 912 ---------------------------- Loss: 2404.5188

Epoch: 913 ---------------------------- Loss: 2401.9912

Epoch: 914 ---------------------------- Loss: 2423.6445

914 Training loss: 0.242364453125 Validation loss:  0.2630678032279445
Epoch time elapsed: 123.38 s
Epoch: 915 ---------------------------- Loss: 2439.8704

Epoch: 916 ---------------------------- Loss: 2474.078

Epoch: 917 ---------------------------- Loss: 2358.9348

Epoch: 918 ---------------------------- Loss: 2411.9285

Epoch: 919 ---------------------------- Loss: 2379.4084

Epoch: 920 ---------------------------- Loss: 2464.9321

Epoch: 921 ---------------------------- Loss: 2392.3755

Epoch: 922 ---------------------------- Loss: 2438.0562

Epoch: 923 ---------------------------- Loss: 2422.0925

Epoch: 924 ---------------------------- Loss: 2449.6082

Epoch: 925 ---------------------------- Loss: 2402.681

925 Training loss: 0.2402680908203125 Validation loss:  0.25862543907119623
Epoch time elapsed: 126.11 s
Epoch: 926 ---------------------------- Loss: 2466.3933

Epoch: 927 ---------------------------- Loss: 2423.3748

Epoch: 928 ---------------------------- Loss: 2398.6511

Epoch: 929 ---------------------------- Loss: 2432.83

Epoch: 930 ---------------------------- Loss: 2429.5789

Epoch: 931 ---------------------------- Loss: 2416.2432

Epoch: 932 ---------------------------- Loss: 2391.2654

Epoch: 933 ---------------------------- Loss: 2417.38

Epoch: 934 ---------------------------- Loss: 2382.552

Epoch: 935 ---------------------------- Loss: 2443.5635

Epoch: 936 ---------------------------- Loss: 2448.4734

936 Training loss: 0.2448473388671875 Validation loss:  0.2548729704892449
Epoch time elapsed: 122.72 s
Epoch: 937 ---------------------------- Loss: 2442.2864

Epoch: 938 ---------------------------- Loss: 2437.7434

Epoch: 939 ---------------------------- Loss: 2393.7612

Epoch: 940 ---------------------------- Loss: 2401.2253

Epoch: 941 ---------------------------- Loss: 2406.2266

Epoch: 942 ---------------------------- Loss: 2371.37

Epoch: 943 ---------------------------- Loss: 2395.252

Epoch: 944 ---------------------------- Loss: 2353.498

Epoch: 945 ---------------------------- Loss: 2367.0833

Epoch: 946 ---------------------------- Loss: 2475.7212

Epoch: 947 ---------------------------- Loss: 2385.286

947 Training loss: 0.2385285888671875 Validation loss:  0.25938296174601383
Epoch time elapsed: 122.52 s
Epoch: 948 ---------------------------- Loss: 2406.5715

Epoch: 949 ---------------------------- Loss: 2414.5195

Epoch: 950 ---------------------------- Loss: 2316.9873

Epoch: 951 ---------------------------- Loss: 2319.4065

Epoch: 952 ---------------------------- Loss: 2345.1514

Epoch: 953 ---------------------------- Loss: 2361.3398

Epoch: 954 ---------------------------- Loss: 2355.0115

Epoch: 955 ---------------------------- Loss: 2369.5125

Epoch: 956 ---------------------------- Loss: 2343.4858

Epoch: 957 ---------------------------- Loss: 2354.2866

Epoch: 958 ---------------------------- Loss: 2361.1855

958 Training loss: 0.2361185546875 Validation loss:  0.25766222571638087
Epoch time elapsed: 125.65 s
Epoch: 959 ---------------------------- Loss: 2432.5398

Epoch: 960 ---------------------------- Loss: 2395.705

Epoch: 961 ---------------------------- Loss: 2271.8848

Epoch: 962 ---------------------------- Loss: 2328.4658

Epoch: 963 ---------------------------- Loss: 2372.9714

Epoch: 964 ---------------------------- Loss: 2369.958

Epoch: 965 ---------------------------- Loss: 2345.739

Epoch: 966 ---------------------------- Loss: 2370.2917

Epoch: 967 ---------------------------- Loss: 2379.7368

Epoch: 968 ---------------------------- Loss: 2435.4646

Epoch: 969 ---------------------------- Loss: 2315.5276

969 Training loss: 0.2315527587890625 Validation loss:  0.25834369315137073
Epoch time elapsed: 123.77 s
Epoch: 970 ---------------------------- Loss: 2372.244

Epoch: 971 ---------------------------- Loss: 2359.6616

Epoch: 972 ---------------------------- Loss: 2278.8027

Epoch: 973 ---------------------------- Loss: 2342.8398

Epoch: 974 ---------------------------- Loss: 2295.1475

Epoch: 975 ---------------------------- Loss: 2361.1074

Epoch: 976 ---------------------------- Loss: 2347.495

Epoch: 977 ---------------------------- Loss: 2334.0083

Epoch: 978 ---------------------------- Loss: 2304.3503

Epoch: 979 ---------------------------- Loss: 2369.7148

Epoch: 980 ---------------------------- Loss: 2305.162

980 Training loss: 0.2305162109375 Validation loss:  0.25609846608589987
Epoch time elapsed: 123.62 s
Epoch: 981 ---------------------------- Loss: 2326.161

Epoch: 982 ---------------------------- Loss: 2361.3726

Epoch: 983 ---------------------------- Loss: 2280.923

Epoch: 984 ---------------------------- Loss: 2327.9258

Epoch: 985 ---------------------------- Loss: 2316.8184

Epoch: 986 ---------------------------- Loss: 2317.7883

Epoch: 987 ---------------------------- Loss: 2317.0405

Epoch: 988 ---------------------------- Loss: 2363.5542

Epoch: 989 ---------------------------- Loss: 2309.2727

Epoch: 990 ---------------------------- Loss: 2389.491

Epoch: 991 ---------------------------- Loss: 2318.8235

991 Training loss: 0.2318823486328125 Validation loss:  0.25458784596871237
Epoch time elapsed: 124.95 s
Epoch: 992 ---------------------------- Loss: 2294.8657

Epoch: 993 ---------------------------- Loss: 2336.3987

Epoch: 994 ---------------------------- Loss: 2233.1792

Epoch: 995 ---------------------------- Loss: 2243.5625

Epoch: 996 ---------------------------- Loss: 2277.9167

Epoch: 997 ---------------------------- Loss: 2257.8333

Epoch: 998 ---------------------------- Loss: 2293.0818

Epoch: 999 ---------------------------- Loss: 2317.9043

Epoch: 1000 ---------------------------- Loss: 2233.9626

Epoch: 1001 ---------------------------- Loss: 2390.6213

Epoch: 1002 ---------------------------- Loss: 2315.3003

1002 Training loss: 0.231530029296875 Validation loss:  0.25513982485921516
Epoch time elapsed: 122.86 s
Epoch: 1003 ---------------------------- Loss: 2368.7666

Epoch: 1004 ---------------------------- Loss: 2343.6614

Epoch: 1005 ---------------------------- Loss: 2234.4966

Epoch: 1006 ---------------------------- Loss: 2319.7644

Epoch: 1007 ---------------------------- Loss: 2304.6575

Epoch: 1008 ---------------------------- Loss: 2348.122

Epoch: 1009 ---------------------------- Loss: 2287.548

Epoch: 1010 ---------------------------- Loss: 2326.469

Epoch: 1011 ---------------------------- Loss: 2264.3926

Epoch: 1012 ---------------------------- Loss: 2383.6567

Epoch: 1013 ---------------------------- Loss: 2369.3591

1013 Training loss: 0.2369359130859375 Validation loss:  0.25573234695820174
Epoch time elapsed: 124.76 s
New learning rate: 1.00e-05
Epoch: 1014 ---------------------------- Loss: 2351.6997

Epoch: 1015 ---------------------------- Loss: 2305.755

Epoch: 1016 ---------------------------- Loss: 2240.6104

Epoch: 1017 ---------------------------- Loss: 2293.1606

Epoch: 1018 ---------------------------- Loss: 2267.612

Epoch: 1019 ---------------------------- Loss: 2311.898

Epoch: 1020 ---------------------------- Loss: 2308.2185

Epoch: 1021 ---------------------------- Loss: 2350.842

Epoch: 1022 ---------------------------- Loss: 2299.5088

Epoch: 1023 ---------------------------- Loss: 2343.958

Epoch: 1024 ---------------------------- Loss: 2334.5388

1024 Training loss: 0.2334538818359375 Validation loss:  0.2529590666365824
Epoch time elapsed: 123.66 s
Epoch: 1025 ---------------------------- Loss: 2283.59

Epoch: 1026 ---------------------------- Loss: 2330.3013

Epoch: 1027 ---------------------------- Loss: 2218.1465

Epoch: 1028 ---------------------------- Loss: 2254.8909

Epoch: 1029 ---------------------------- Loss: 2290.602

Epoch: 1030 ---------------------------- Loss: 2269.5178

Epoch: 1031 ---------------------------- Loss: 2275.307

Epoch: 1032 ---------------------------- Loss: 2299.5024

Epoch: 1033 ---------------------------- Loss: 2263.288

Epoch: 1034 ---------------------------- Loss: 2292.8892

Epoch: 1035 ---------------------------- Loss: 2306.1682

1035 Training loss: 0.2306168212890625 Validation loss:  0.25723365756148464
Epoch time elapsed: 123.47 s
Epoch: 1036 ---------------------------- Loss: 2336.4998

Epoch: 1037 ---------------------------- Loss: 2322.2495

Epoch: 1038 ---------------------------- Loss: 2200.5244

Epoch: 1039 ---------------------------- Loss: 2230.612

Epoch: 1040 ---------------------------- Loss: 2282.8928

Epoch: 1041 ---------------------------- Loss: 2274.036

Epoch: 1042 ---------------------------- Loss: 2290.2876

Epoch: 1043 ---------------------------- Loss: 2279.8467

Epoch: 1044 ---------------------------- Loss: 2257.821

Epoch: 1045 ---------------------------- Loss: 2298.486

Epoch: 1046 ---------------------------- Loss: 2295.983

1046 Training loss: 0.229598291015625 Validation loss:  0.2535584193848244
Epoch time elapsed: 186.78 s
Epoch: 1047 ---------------------------- Loss: 2285.1658

Epoch: 1048 ---------------------------- Loss: 2309.0994

Epoch: 1049 ---------------------------- Loss: 2194.438

Epoch: 1050 ---------------------------- Loss: 2252.5107

Epoch: 1051 ---------------------------- Loss: 2249.6946

Epoch: 1052 ---------------------------- Loss: 2213.8796

Epoch: 1053 ---------------------------- Loss: 2208.3723

Epoch: 1054 ---------------------------- Loss: 2244.7483

Epoch: 1055 ---------------------------- Loss: 2243.8179

Epoch: 1056 ---------------------------- Loss: 2304.445

Epoch: 1057 ---------------------------- Loss: 2225.3455

1057 Training loss: 0.2225345458984375 Validation loss:  0.2540601599517712
Epoch time elapsed: 260.25 s
Epoch: 1058 ---------------------------- Loss: 2292.1597

Epoch: 1059 ---------------------------- Loss: 2270.7969

Epoch: 1060 ---------------------------- Loss: 2233.8535

Epoch: 1061 ---------------------------- Loss: 2212.3574

Epoch: 1062 ---------------------------- Loss: 2254.164

Epoch: 1063 ---------------------------- Loss: 2228.513

Epoch: 1064 ---------------------------- Loss: 2273.45

Epoch: 1065 ---------------------------- Loss: 2262.89

Epoch: 1066 ---------------------------- Loss: 2222.105

Epoch: 1067 ---------------------------- Loss: 2261.2917

Epoch: 1068 ---------------------------- Loss: 2220.046

1068 Training loss: 0.22200458984375 Validation loss:  0.2505750965986011
Epoch time elapsed: 256.77 s
Epoch: 1069 ---------------------------- Loss: 2247.8123

Epoch: 1070 ---------------------------- Loss: 2262.8481

Epoch: 1071 ---------------------------- Loss: 2240.052

Epoch: 1072 ---------------------------- Loss: 2227.045

Epoch: 1073 ---------------------------- Loss: 2264.5237

Epoch: 1074 ---------------------------- Loss: 2213.223

Epoch: 1075 ---------------------------- Loss: 2280.056

Epoch: 1076 ---------------------------- Loss: 2264.1707

Epoch: 1077 ---------------------------- Loss: 2238.568

Epoch: 1078 ---------------------------- Loss: 2265.3555

Epoch: 1079 ---------------------------- Loss: 2276.9526

1079 Training loss: 0.227695263671875 Validation loss:  0.2519237458634176
Epoch time elapsed: 268.92 s
Training time elapsed: 13815.63 s
Best validation loss at batch: 1068
Testing on the training dataset ...
Prediciton time elapsed: 121.50 s
Version 2 model, evaluation on base change:
all/top1/top2/top1p/top2p: 132967/110176/130380/82.86/98.05
Version 2 model, evaluation on Zygosity:
13	141
5	132808
Version 2 model, evaluation on variant type:
132688	29	0	1
99	115	0	0
8	0	6	0
14	0	1	6
Version 2 model, evaluation on indel length:
132929	1	0	1	0	1
11	4	0	0	0	3
3	0	0	0	0	0
0	0	0	0	0	0
5	0	0	0	1	1
3	1	0	0	0	3
Loading the chr22 dataset ...
Processed 100000 tensors
Testing on the chr22 dataset ...
Prediciton time elapsed: 94.94 s
Version 2 model, evaluation on base change:
all/top1/top2/top1p/top2p: 115864/93919/113155/81.06/97.66
Version 2 model, evaluation on Zygosity:
5	109
3	115747
Version 2 model, evaluation on variant type:
115662	35	1	6
95	44	0	0
11	0	0	0
10	0	0	0
Version 2 model, evaluation on indel length:
115838	3	0	0	0	2
13	0	0	0	0	0
3	0	0	0	0	0
0	0	0	0	0	0
1	0	0	0	0	0
4	0	0	0	0	0
